[2021-09-08T10:49:16.382] [DEBUG] cheese - <ref *2> IncomingMessage {
  _readableState: ReadableState {
    objectMode: false,
    highWaterMark: 16384,
    buffer: BufferList { head: null, tail: null, length: 0 },
    length: 0,
    pipes: [],
    flowing: null,
    ended: false,
    endEmitted: false,
    reading: false,
    constructed: true,
    sync: true,
    needReadable: false,
    emittedReadable: false,
    readableListening: false,
    resumeScheduled: false,
    errorEmitted: false,
    emitClose: true,
    autoDestroy: true,
    destroyed: false,
    errored: null,
    closed: false,
    closeEmitted: false,
    defaultEncoding: 'utf8',
    awaitDrainWriters: null,
    multiAwaitDrain: false,
    readingMore: true,
    decoder: null,
    encoding: null,
    [Symbol(kPaused)]: null
  },
  _events: [Object: null prototype] { end: [Function: clearRequestTimeout] },
  _eventsCount: 1,
  _maxListeners: undefined,
  socket: <ref *1> Socket {
    connecting: false,
    _hadError: false,
    _parent: null,
    _host: null,
    _readableState: ReadableState {
      objectMode: false,
      highWaterMark: 16384,
      buffer: BufferList { head: null, tail: null, length: 0 },
      length: 0,
      pipes: [],
      flowing: true,
      ended: false,
      endEmitted: false,
      reading: true,
      constructed: true,
      sync: false,
      needReadable: true,
      emittedReadable: false,
      readableListening: false,
      resumeScheduled: false,
      errorEmitted: false,
      emitClose: false,
      autoDestroy: true,
      destroyed: false,
      errored: null,
      closed: false,
      closeEmitted: false,
      defaultEncoding: 'utf8',
      awaitDrainWriters: null,
      multiAwaitDrain: false,
      readingMore: false,
      decoder: null,
      encoding: null,
      [Symbol(kPaused)]: false
    },
    _events: [Object: null prototype] {
      end: [Array],
      timeout: [Function: socketOnTimeout],
      data: [Function: bound socketOnData],
      error: [Function: socketOnError],
      close: [Array],
      drain: [Function: bound socketOnDrain],
      resume: [Function: onSocketResume],
      pause: [Function: onSocketPause]
    },
    _eventsCount: 8,
    _maxListeners: undefined,
    _writableState: WritableState {
      objectMode: false,
      highWaterMark: 16384,
      finalCalled: false,
      needDrain: false,
      ending: false,
      ended: false,
      finished: false,
      destroyed: false,
      decodeStrings: false,
      defaultEncoding: 'utf8',
      length: 0,
      writing: false,
      corked: 0,
      sync: true,
      bufferProcessing: false,
      onwrite: [Function: bound onwrite],
      writecb: null,
      writelen: 0,
      afterWriteTickInfo: null,
      buffered: [],
      bufferedIndex: 0,
      allBuffers: true,
      allNoop: true,
      pendingcb: 0,
      constructed: true,
      prefinished: false,
      errorEmitted: false,
      emitClose: false,
      autoDestroy: true,
      errored: null,
      closed: false,
      closeEmitted: false,
      [Symbol(kOnFinished)]: []
    },
    allowHalfOpen: true,
    _sockname: null,
    _pendingData: null,
    _pendingEncoding: '',
    server: Server {
      maxHeaderSize: undefined,
      insecureHTTPParser: undefined,
      _events: [Object: null prototype],
      _eventsCount: 2,
      _maxListeners: undefined,
      _connections: 1,
      _handle: [TCP],
      _usingWorkers: false,
      _workers: [],
      _unref: false,
      allowHalfOpen: true,
      pauseOnConnect: false,
      httpAllowHalfOpen: false,
      timeout: 0,
      keepAliveTimeout: 5000,
      maxHeadersCount: null,
      headersTimeout: 60000,
      requestTimeout: 0,
      _connectionKey: '6::::8080',
      [Symbol(IncomingMessage)]: [Function: IncomingMessage],
      [Symbol(ServerResponse)]: [Function: ServerResponse],
      [Symbol(kCapture)]: false,
      [Symbol(async_id_symbol)]: 6
    },
    _server: Server {
      maxHeaderSize: undefined,
      insecureHTTPParser: undefined,
      _events: [Object: null prototype],
      _eventsCount: 2,
      _maxListeners: undefined,
      _connections: 1,
      _handle: [TCP],
      _usingWorkers: false,
      _workers: [],
      _unref: false,
      allowHalfOpen: true,
      pauseOnConnect: false,
      httpAllowHalfOpen: false,
      timeout: 0,
      keepAliveTimeout: 5000,
      maxHeadersCount: null,
      headersTimeout: 60000,
      requestTimeout: 0,
      _connectionKey: '6::::8080',
      [Symbol(IncomingMessage)]: [Function: IncomingMessage],
      [Symbol(ServerResponse)]: [Function: ServerResponse],
      [Symbol(kCapture)]: false,
      [Symbol(async_id_symbol)]: 6
    },
    parser: HTTPParser {
      '0': [Function: bound setRequestTimeout],
      '1': [Function: parserOnHeaders],
      '2': [Function: parserOnHeadersComplete],
      '3': [Function: parserOnBody],
      '4': [Function: parserOnMessageComplete],
      '5': [Function: bound onParserExecute],
      '6': [Function: bound onParserTimeout],
      _headers: [],
      _url: '',
      socket: [Circular *1],
      incoming: [Circular *2],
      outgoing: null,
      maxHeaderPairs: 2000,
      _consumed: true,
      onIncoming: [Function: bound parserOnIncoming],
      [Symbol(resource_symbol)]: [HTTPServerAsyncResource]
    },
    on: [Function: socketListenerWrap],
    addListener: [Function: socketListenerWrap],
    prependListener: [Function: socketListenerWrap],
    setEncoding: [Function: socketSetEncoding],
    _paused: false,
    _httpMessage: ServerResponse {
      _events: [Object: null prototype],
      _eventsCount: 1,
      _maxListeners: undefined,
      outputData: [],
      outputSize: 0,
      writable: true,
      destroyed: false,
      _last: false,
      chunkedEncoding: false,
      shouldKeepAlive: true,
      _defaultKeepAlive: true,
      useChunkedEncodingByDefault: true,
      sendDate: true,
      _removedConnection: false,
      _removedContLen: false,
      _removedTE: false,
      _contentLength: null,
      _hasBody: true,
      _trailer: '',
      finished: false,
      _headerSent: false,
      _closed: false,
      socket: [Circular *1],
      _header: null,
      _keepAliveTimeout: 5000,
      _onPendingData: [Function: bound updateOutgoingData],
      req: [Circular *2],
      _sent100: false,
      _expect_continue: false,
      [Symbol(kCapture)]: false,
      [Symbol(kNeedDrain)]: false,
      [Symbol(corked)]: 0,
      [Symbol(kOutHeaders)]: null
    },
    [Symbol(async_id_symbol)]: 12,
    [Symbol(kHandle)]: TCP {
      reading: true,
      onconnection: null,
      _consumed: true,
      [Symbol(owner_symbol)]: [Circular *1]
    },
    [Symbol(kSetNoDelay)]: false,
    [Symbol(lastWriteQueueSize)]: 0,
    [Symbol(timeout)]: null,
    [Symbol(kBuffer)]: null,
    [Symbol(kBufferCb)]: null,
    [Symbol(kBufferGen)]: null,
    [Symbol(kCapture)]: false,
    [Symbol(kBytesRead)]: 0,
    [Symbol(kBytesWritten)]: 0,
    [Symbol(RequestTimeout)]: undefined
  },
  httpVersionMajor: 1,
  httpVersionMinor: 1,
  httpVersion: '1.1',
  complete: false,
  rawHeaders: [
    'Host',
    'localhost:8080',
    'Connection',
    'keep-alive',
    'sec-ch-ua',
    '"Microsoft Edge";v="93", " Not;A Brand";v="99", "Chromium";v="93"',
    'sec-ch-ua-mobile',
    '?0',
    'sec-ch-ua-platform',
    '"Windows"',
    'Upgrade-Insecure-Requests',
    '1',
    'User-Agent',
    'Mozilla/5.0 (Windows NT 10.0; Win64; x64) AppleWebKit/537.36 (KHTML, like Gecko) Chrome/93.0.4577.63 Safari/537.36 Edg/93.0.961.38',
    'Accept',
    'text/html,application/xhtml+xml,application/xml;q=0.9,image/webp,image/apng,*/*;q=0.8,application/signed-exchange;v=b3;q=0.9',
    'Sec-Fetch-Site',
    'none',
    'Sec-Fetch-Mode',
    'navigate',
    'Sec-Fetch-User',
    '?1',
    'Sec-Fetch-Dest',
    'document',
    'Accept-Encoding',
    'gzip, deflate, br',
    'Accept-Language',
    'zh-CN,zh;q=0.9,en;q=0.8,en-GB;q=0.7,en-US;q=0.6'
  ],
  rawTrailers: [],
  aborted: false,
  upgrade: false,
  url: '/',
  method: 'GET',
  statusCode: null,
  statusMessage: null,
  client: <ref *1> Socket {
    connecting: false,
    _hadError: false,
    _parent: null,
    _host: null,
    _readableState: ReadableState {
      objectMode: false,
      highWaterMark: 16384,
      buffer: BufferList { head: null, tail: null, length: 0 },
      length: 0,
      pipes: [],
      flowing: true,
      ended: false,
      endEmitted: false,
      reading: true,
      constructed: true,
      sync: false,
      needReadable: true,
      emittedReadable: false,
      readableListening: false,
      resumeScheduled: false,
      errorEmitted: false,
      emitClose: false,
      autoDestroy: true,
      destroyed: false,
      errored: null,
      closed: false,
      closeEmitted: false,
      defaultEncoding: 'utf8',
      awaitDrainWriters: null,
      multiAwaitDrain: false,
      readingMore: false,
      decoder: null,
      encoding: null,
      [Symbol(kPaused)]: false
    },
    _events: [Object: null prototype] {
      end: [Array],
      timeout: [Function: socketOnTimeout],
      data: [Function: bound socketOnData],
      error: [Function: socketOnError],
      close: [Array],
      drain: [Function: bound socketOnDrain],
      resume: [Function: onSocketResume],
      pause: [Function: onSocketPause]
    },
    _eventsCount: 8,
    _maxListeners: undefined,
    _writableState: WritableState {
      objectMode: false,
      highWaterMark: 16384,
      finalCalled: false,
      needDrain: false,
      ending: false,
      ended: false,
      finished: false,
      destroyed: false,
      decodeStrings: false,
      defaultEncoding: 'utf8',
      length: 0,
      writing: false,
      corked: 0,
      sync: true,
      bufferProcessing: false,
      onwrite: [Function: bound onwrite],
      writecb: null,
      writelen: 0,
      afterWriteTickInfo: null,
      buffered: [],
      bufferedIndex: 0,
      allBuffers: true,
      allNoop: true,
      pendingcb: 0,
      constructed: true,
      prefinished: false,
      errorEmitted: false,
      emitClose: false,
      autoDestroy: true,
      errored: null,
      closed: false,
      closeEmitted: false,
      [Symbol(kOnFinished)]: []
    },
    allowHalfOpen: true,
    _sockname: null,
    _pendingData: null,
    _pendingEncoding: '',
    server: Server {
      maxHeaderSize: undefined,
      insecureHTTPParser: undefined,
      _events: [Object: null prototype],
      _eventsCount: 2,
      _maxListeners: undefined,
      _connections: 1,
      _handle: [TCP],
      _usingWorkers: false,
      _workers: [],
      _unref: false,
      allowHalfOpen: true,
      pauseOnConnect: false,
      httpAllowHalfOpen: false,
      timeout: 0,
      keepAliveTimeout: 5000,
      maxHeadersCount: null,
      headersTimeout: 60000,
      requestTimeout: 0,
      _connectionKey: '6::::8080',
      [Symbol(IncomingMessage)]: [Function: IncomingMessage],
      [Symbol(ServerResponse)]: [Function: ServerResponse],
      [Symbol(kCapture)]: false,
      [Symbol(async_id_symbol)]: 6
    },
    _server: Server {
      maxHeaderSize: undefined,
      insecureHTTPParser: undefined,
      _events: [Object: null prototype],
      _eventsCount: 2,
      _maxListeners: undefined,
      _connections: 1,
      _handle: [TCP],
      _usingWorkers: false,
      _workers: [],
      _unref: false,
      allowHalfOpen: true,
      pauseOnConnect: false,
      httpAllowHalfOpen: false,
      timeout: 0,
      keepAliveTimeout: 5000,
      maxHeadersCount: null,
      headersTimeout: 60000,
      requestTimeout: 0,
      _connectionKey: '6::::8080',
      [Symbol(IncomingMessage)]: [Function: IncomingMessage],
      [Symbol(ServerResponse)]: [Function: ServerResponse],
      [Symbol(kCapture)]: false,
      [Symbol(async_id_symbol)]: 6
    },
    parser: HTTPParser {
      '0': [Function: bound setRequestTimeout],
      '1': [Function: parserOnHeaders],
      '2': [Function: parserOnHeadersComplete],
      '3': [Function: parserOnBody],
      '4': [Function: parserOnMessageComplete],
      '5': [Function: bound onParserExecute],
      '6': [Function: bound onParserTimeout],
      _headers: [],
      _url: '',
      socket: [Circular *1],
      incoming: [Circular *2],
      outgoing: null,
      maxHeaderPairs: 2000,
      _consumed: true,
      onIncoming: [Function: bound parserOnIncoming],
      [Symbol(resource_symbol)]: [HTTPServerAsyncResource]
    },
    on: [Function: socketListenerWrap],
    addListener: [Function: socketListenerWrap],
    prependListener: [Function: socketListenerWrap],
    setEncoding: [Function: socketSetEncoding],
    _paused: false,
    _httpMessage: ServerResponse {
      _events: [Object: null prototype],
      _eventsCount: 1,
      _maxListeners: undefined,
      outputData: [],
      outputSize: 0,
      writable: true,
      destroyed: false,
      _last: false,
      chunkedEncoding: false,
      shouldKeepAlive: true,
      _defaultKeepAlive: true,
      useChunkedEncodingByDefault: true,
      sendDate: true,
      _removedConnection: false,
      _removedContLen: false,
      _removedTE: false,
      _contentLength: null,
      _hasBody: true,
      _trailer: '',
      finished: false,
      _headerSent: false,
      _closed: false,
      socket: [Circular *1],
      _header: null,
      _keepAliveTimeout: 5000,
      _onPendingData: [Function: bound updateOutgoingData],
      req: [Circular *2],
      _sent100: false,
      _expect_continue: false,
      [Symbol(kCapture)]: false,
      [Symbol(kNeedDrain)]: false,
      [Symbol(corked)]: 0,
      [Symbol(kOutHeaders)]: null
    },
    [Symbol(async_id_symbol)]: 12,
    [Symbol(kHandle)]: TCP {
      reading: true,
      onconnection: null,
      _consumed: true,
      [Symbol(owner_symbol)]: [Circular *1]
    },
    [Symbol(kSetNoDelay)]: false,
    [Symbol(lastWriteQueueSize)]: 0,
    [Symbol(timeout)]: null,
    [Symbol(kBuffer)]: null,
    [Symbol(kBufferCb)]: null,
    [Symbol(kBufferGen)]: null,
    [Symbol(kCapture)]: false,
    [Symbol(kBytesRead)]: 0,
    [Symbol(kBytesWritten)]: 0,
    [Symbol(RequestTimeout)]: undefined
  },
  _consuming: false,
  _dumped: false,
  [Symbol(kCapture)]: false,
  [Symbol(kHeaders)]: {
    host: 'localhost:8080',
    connection: 'keep-alive',
    'sec-ch-ua': '"Microsoft Edge";v="93", " Not;A Brand";v="99", "Chromium";v="93"',
    'sec-ch-ua-mobile': '?0',
    'sec-ch-ua-platform': '"Windows"',
    'upgrade-insecure-requests': '1',
    'user-agent': 'Mozilla/5.0 (Windows NT 10.0; Win64; x64) AppleWebKit/537.36 (KHTML, like Gecko) Chrome/93.0.4577.63 Safari/537.36 Edg/93.0.961.38',
    accept: 'text/html,application/xhtml+xml,application/xml;q=0.9,image/webp,image/apng,*/*;q=0.8,application/signed-exchange;v=b3;q=0.9',
    'sec-fetch-site': 'none',
    'sec-fetch-mode': 'navigate',
    'sec-fetch-user': '?1',
    'sec-fetch-dest': 'document',
    'accept-encoding': 'gzip, deflate, br',
    'accept-language': 'zh-CN,zh;q=0.9,en;q=0.8,en-GB;q=0.7,en-US;q=0.6'
  },
  [Symbol(kHeadersCount)]: 28,
  [Symbol(kTrailers)]: null,
  [Symbol(kTrailersCount)]: 0,
  [Symbol(RequestTimeout)]: undefined
}
[2021-09-08T10:49:30.053] [DEBUG] cheese - <ref *2> IncomingMessage {
  _readableState: ReadableState {
    objectMode: false,
    highWaterMark: 16384,
    buffer: BufferList { head: null, tail: null, length: 0 },
    length: 0,
    pipes: [],
    flowing: null,
    ended: false,
    endEmitted: false,
    reading: false,
    constructed: true,
    sync: true,
    needReadable: false,
    emittedReadable: false,
    readableListening: false,
    resumeScheduled: false,
    errorEmitted: false,
    emitClose: true,
    autoDestroy: true,
    destroyed: false,
    errored: null,
    closed: false,
    closeEmitted: false,
    defaultEncoding: 'utf8',
    awaitDrainWriters: null,
    multiAwaitDrain: false,
    readingMore: true,
    decoder: null,
    encoding: null,
    [Symbol(kPaused)]: null
  },
  _events: [Object: null prototype] { end: [Function: clearRequestTimeout] },
  _eventsCount: 1,
  _maxListeners: undefined,
  socket: <ref *1> Socket {
    connecting: false,
    _hadError: false,
    _parent: null,
    _host: null,
    _readableState: ReadableState {
      objectMode: false,
      highWaterMark: 16384,
      buffer: BufferList { head: null, tail: null, length: 0 },
      length: 0,
      pipes: [],
      flowing: true,
      ended: false,
      endEmitted: false,
      reading: true,
      constructed: true,
      sync: false,
      needReadable: true,
      emittedReadable: false,
      readableListening: false,
      resumeScheduled: false,
      errorEmitted: false,
      emitClose: false,
      autoDestroy: true,
      destroyed: false,
      errored: null,
      closed: false,
      closeEmitted: false,
      defaultEncoding: 'utf8',
      awaitDrainWriters: null,
      multiAwaitDrain: false,
      readingMore: false,
      decoder: null,
      encoding: null,
      [Symbol(kPaused)]: false
    },
    _events: [Object: null prototype] {
      end: [Array],
      timeout: [Function: socketOnTimeout],
      data: [Function: bound socketOnData],
      error: [Function: socketOnError],
      close: [Array],
      drain: [Function: bound socketOnDrain],
      resume: [Function: onSocketResume],
      pause: [Function: onSocketPause]
    },
    _eventsCount: 8,
    _maxListeners: undefined,
    _writableState: WritableState {
      objectMode: false,
      highWaterMark: 16384,
      finalCalled: false,
      needDrain: false,
      ending: false,
      ended: false,
      finished: false,
      destroyed: false,
      decodeStrings: false,
      defaultEncoding: 'utf8',
      length: 0,
      writing: false,
      corked: 0,
      sync: true,
      bufferProcessing: false,
      onwrite: [Function: bound onwrite],
      writecb: null,
      writelen: 0,
      afterWriteTickInfo: null,
      buffered: [],
      bufferedIndex: 0,
      allBuffers: true,
      allNoop: true,
      pendingcb: 0,
      constructed: true,
      prefinished: false,
      errorEmitted: false,
      emitClose: false,
      autoDestroy: true,
      errored: null,
      closed: false,
      closeEmitted: false,
      [Symbol(kOnFinished)]: []
    },
    allowHalfOpen: true,
    _sockname: null,
    _pendingData: null,
    _pendingEncoding: '',
    server: Server {
      maxHeaderSize: undefined,
      insecureHTTPParser: undefined,
      _events: [Object: null prototype],
      _eventsCount: 2,
      _maxListeners: undefined,
      _connections: 1,
      _handle: [TCP],
      _usingWorkers: false,
      _workers: [],
      _unref: false,
      allowHalfOpen: true,
      pauseOnConnect: false,
      httpAllowHalfOpen: false,
      timeout: 0,
      keepAliveTimeout: 5000,
      maxHeadersCount: null,
      headersTimeout: 60000,
      requestTimeout: 0,
      _connectionKey: '6::::8080',
      [Symbol(IncomingMessage)]: [Function: IncomingMessage],
      [Symbol(ServerResponse)]: [Function: ServerResponse],
      [Symbol(kCapture)]: false,
      [Symbol(async_id_symbol)]: 6
    },
    _server: Server {
      maxHeaderSize: undefined,
      insecureHTTPParser: undefined,
      _events: [Object: null prototype],
      _eventsCount: 2,
      _maxListeners: undefined,
      _connections: 1,
      _handle: [TCP],
      _usingWorkers: false,
      _workers: [],
      _unref: false,
      allowHalfOpen: true,
      pauseOnConnect: false,
      httpAllowHalfOpen: false,
      timeout: 0,
      keepAliveTimeout: 5000,
      maxHeadersCount: null,
      headersTimeout: 60000,
      requestTimeout: 0,
      _connectionKey: '6::::8080',
      [Symbol(IncomingMessage)]: [Function: IncomingMessage],
      [Symbol(ServerResponse)]: [Function: ServerResponse],
      [Symbol(kCapture)]: false,
      [Symbol(async_id_symbol)]: 6
    },
    parser: HTTPParser {
      '0': [Function: bound setRequestTimeout],
      '1': [Function: parserOnHeaders],
      '2': [Function: parserOnHeadersComplete],
      '3': [Function: parserOnBody],
      '4': [Function: parserOnMessageComplete],
      '5': [Function: bound onParserExecute],
      '6': [Function: bound onParserTimeout],
      _headers: [],
      _url: '',
      socket: [Circular *1],
      incoming: [Circular *2],
      outgoing: null,
      maxHeaderPairs: 2000,
      _consumed: true,
      onIncoming: [Function: bound parserOnIncoming],
      [Symbol(resource_symbol)]: [HTTPServerAsyncResource]
    },
    on: [Function: socketListenerWrap],
    addListener: [Function: socketListenerWrap],
    prependListener: [Function: socketListenerWrap],
    setEncoding: [Function: socketSetEncoding],
    _paused: false,
    _httpMessage: ServerResponse {
      _events: [Object: null prototype],
      _eventsCount: 1,
      _maxListeners: undefined,
      outputData: [],
      outputSize: 0,
      writable: true,
      destroyed: false,
      _last: false,
      chunkedEncoding: false,
      shouldKeepAlive: true,
      _defaultKeepAlive: true,
      useChunkedEncodingByDefault: true,
      sendDate: true,
      _removedConnection: false,
      _removedContLen: false,
      _removedTE: false,
      _contentLength: null,
      _hasBody: true,
      _trailer: '',
      finished: false,
      _headerSent: false,
      _closed: false,
      socket: [Circular *1],
      _header: null,
      _keepAliveTimeout: 5000,
      _onPendingData: [Function: bound updateOutgoingData],
      req: [Circular *2],
      _sent100: false,
      _expect_continue: false,
      [Symbol(kCapture)]: false,
      [Symbol(kNeedDrain)]: false,
      [Symbol(corked)]: 0,
      [Symbol(kOutHeaders)]: null
    },
    [Symbol(async_id_symbol)]: 17,
    [Symbol(kHandle)]: TCP {
      reading: true,
      onconnection: null,
      _consumed: true,
      [Symbol(owner_symbol)]: [Circular *1]
    },
    [Symbol(kSetNoDelay)]: false,
    [Symbol(lastWriteQueueSize)]: 0,
    [Symbol(timeout)]: null,
    [Symbol(kBuffer)]: null,
    [Symbol(kBufferCb)]: null,
    [Symbol(kBufferGen)]: null,
    [Symbol(kCapture)]: false,
    [Symbol(kBytesRead)]: 0,
    [Symbol(kBytesWritten)]: 0,
    [Symbol(RequestTimeout)]: undefined
  },
  httpVersionMajor: 1,
  httpVersionMinor: 1,
  httpVersion: '1.1',
  complete: false,
  rawHeaders: [
    'Host',
    'localhost:8080',
    'Connection',
    'keep-alive',
    'sec-ch-ua',
    '"Microsoft Edge";v="93", " Not;A Brand";v="99", "Chromium";v="93"',
    'sec-ch-ua-mobile',
    '?0',
    'sec-ch-ua-platform',
    '"Windows"',
    'Upgrade-Insecure-Requests',
    '1',
    'User-Agent',
    'Mozilla/5.0 (Windows NT 10.0; Win64; x64) AppleWebKit/537.36 (KHTML, like Gecko) Chrome/93.0.4577.63 Safari/537.36 Edg/93.0.961.38',
    'Accept',
    'text/html,application/xhtml+xml,application/xml;q=0.9,image/webp,image/apng,*/*;q=0.8,application/signed-exchange;v=b3;q=0.9',
    'Sec-Fetch-Site',
    'none',
    'Sec-Fetch-Mode',
    'navigate',
    'Sec-Fetch-User',
    '?1',
    'Sec-Fetch-Dest',
    'document',
    'Accept-Encoding',
    'gzip, deflate, br',
    'Accept-Language',
    'zh-CN,zh;q=0.9,en;q=0.8,en-GB;q=0.7,en-US;q=0.6'
  ],
  rawTrailers: [],
  aborted: false,
  upgrade: false,
  url: '/',
  method: 'GET',
  statusCode: null,
  statusMessage: null,
  client: <ref *1> Socket {
    connecting: false,
    _hadError: false,
    _parent: null,
    _host: null,
    _readableState: ReadableState {
      objectMode: false,
      highWaterMark: 16384,
      buffer: BufferList { head: null, tail: null, length: 0 },
      length: 0,
      pipes: [],
      flowing: true,
      ended: false,
      endEmitted: false,
      reading: true,
      constructed: true,
      sync: false,
      needReadable: true,
      emittedReadable: false,
      readableListening: false,
      resumeScheduled: false,
      errorEmitted: false,
      emitClose: false,
      autoDestroy: true,
      destroyed: false,
      errored: null,
      closed: false,
      closeEmitted: false,
      defaultEncoding: 'utf8',
      awaitDrainWriters: null,
      multiAwaitDrain: false,
      readingMore: false,
      decoder: null,
      encoding: null,
      [Symbol(kPaused)]: false
    },
    _events: [Object: null prototype] {
      end: [Array],
      timeout: [Function: socketOnTimeout],
      data: [Function: bound socketOnData],
      error: [Function: socketOnError],
      close: [Array],
      drain: [Function: bound socketOnDrain],
      resume: [Function: onSocketResume],
      pause: [Function: onSocketPause]
    },
    _eventsCount: 8,
    _maxListeners: undefined,
    _writableState: WritableState {
      objectMode: false,
      highWaterMark: 16384,
      finalCalled: false,
      needDrain: false,
      ending: false,
      ended: false,
      finished: false,
      destroyed: false,
      decodeStrings: false,
      defaultEncoding: 'utf8',
      length: 0,
      writing: false,
      corked: 0,
      sync: true,
      bufferProcessing: false,
      onwrite: [Function: bound onwrite],
      writecb: null,
      writelen: 0,
      afterWriteTickInfo: null,
      buffered: [],
      bufferedIndex: 0,
      allBuffers: true,
      allNoop: true,
      pendingcb: 0,
      constructed: true,
      prefinished: false,
      errorEmitted: false,
      emitClose: false,
      autoDestroy: true,
      errored: null,
      closed: false,
      closeEmitted: false,
      [Symbol(kOnFinished)]: []
    },
    allowHalfOpen: true,
    _sockname: null,
    _pendingData: null,
    _pendingEncoding: '',
    server: Server {
      maxHeaderSize: undefined,
      insecureHTTPParser: undefined,
      _events: [Object: null prototype],
      _eventsCount: 2,
      _maxListeners: undefined,
      _connections: 1,
      _handle: [TCP],
      _usingWorkers: false,
      _workers: [],
      _unref: false,
      allowHalfOpen: true,
      pauseOnConnect: false,
      httpAllowHalfOpen: false,
      timeout: 0,
      keepAliveTimeout: 5000,
      maxHeadersCount: null,
      headersTimeout: 60000,
      requestTimeout: 0,
      _connectionKey: '6::::8080',
      [Symbol(IncomingMessage)]: [Function: IncomingMessage],
      [Symbol(ServerResponse)]: [Function: ServerResponse],
      [Symbol(kCapture)]: false,
      [Symbol(async_id_symbol)]: 6
    },
    _server: Server {
      maxHeaderSize: undefined,
      insecureHTTPParser: undefined,
      _events: [Object: null prototype],
      _eventsCount: 2,
      _maxListeners: undefined,
      _connections: 1,
      _handle: [TCP],
      _usingWorkers: false,
      _workers: [],
      _unref: false,
      allowHalfOpen: true,
      pauseOnConnect: false,
      httpAllowHalfOpen: false,
      timeout: 0,
      keepAliveTimeout: 5000,
      maxHeadersCount: null,
      headersTimeout: 60000,
      requestTimeout: 0,
      _connectionKey: '6::::8080',
      [Symbol(IncomingMessage)]: [Function: IncomingMessage],
      [Symbol(ServerResponse)]: [Function: ServerResponse],
      [Symbol(kCapture)]: false,
      [Symbol(async_id_symbol)]: 6
    },
    parser: HTTPParser {
      '0': [Function: bound setRequestTimeout],
      '1': [Function: parserOnHeaders],
      '2': [Function: parserOnHeadersComplete],
      '3': [Function: parserOnBody],
      '4': [Function: parserOnMessageComplete],
      '5': [Function: bound onParserExecute],
      '6': [Function: bound onParserTimeout],
      _headers: [],
      _url: '',
      socket: [Circular *1],
      incoming: [Circular *2],
      outgoing: null,
      maxHeaderPairs: 2000,
      _consumed: true,
      onIncoming: [Function: bound parserOnIncoming],
      [Symbol(resource_symbol)]: [HTTPServerAsyncResource]
    },
    on: [Function: socketListenerWrap],
    addListener: [Function: socketListenerWrap],
    prependListener: [Function: socketListenerWrap],
    setEncoding: [Function: socketSetEncoding],
    _paused: false,
    _httpMessage: ServerResponse {
      _events: [Object: null prototype],
      _eventsCount: 1,
      _maxListeners: undefined,
      outputData: [],
      outputSize: 0,
      writable: true,
      destroyed: false,
      _last: false,
      chunkedEncoding: false,
      shouldKeepAlive: true,
      _defaultKeepAlive: true,
      useChunkedEncodingByDefault: true,
      sendDate: true,
      _removedConnection: false,
      _removedContLen: false,
      _removedTE: false,
      _contentLength: null,
      _hasBody: true,
      _trailer: '',
      finished: false,
      _headerSent: false,
      _closed: false,
      socket: [Circular *1],
      _header: null,
      _keepAliveTimeout: 5000,
      _onPendingData: [Function: bound updateOutgoingData],
      req: [Circular *2],
      _sent100: false,
      _expect_continue: false,
      [Symbol(kCapture)]: false,
      [Symbol(kNeedDrain)]: false,
      [Symbol(corked)]: 0,
      [Symbol(kOutHeaders)]: null
    },
    [Symbol(async_id_symbol)]: 17,
    [Symbol(kHandle)]: TCP {
      reading: true,
      onconnection: null,
      _consumed: true,
      [Symbol(owner_symbol)]: [Circular *1]
    },
    [Symbol(kSetNoDelay)]: false,
    [Symbol(lastWriteQueueSize)]: 0,
    [Symbol(timeout)]: null,
    [Symbol(kBuffer)]: null,
    [Symbol(kBufferCb)]: null,
    [Symbol(kBufferGen)]: null,
    [Symbol(kCapture)]: false,
    [Symbol(kBytesRead)]: 0,
    [Symbol(kBytesWritten)]: 0,
    [Symbol(RequestTimeout)]: undefined
  },
  _consuming: false,
  _dumped: false,
  [Symbol(kCapture)]: false,
  [Symbol(kHeaders)]: {
    host: 'localhost:8080',
    connection: 'keep-alive',
    'sec-ch-ua': '"Microsoft Edge";v="93", " Not;A Brand";v="99", "Chromium";v="93"',
    'sec-ch-ua-mobile': '?0',
    'sec-ch-ua-platform': '"Windows"',
    'upgrade-insecure-requests': '1',
    'user-agent': 'Mozilla/5.0 (Windows NT 10.0; Win64; x64) AppleWebKit/537.36 (KHTML, like Gecko) Chrome/93.0.4577.63 Safari/537.36 Edg/93.0.961.38',
    accept: 'text/html,application/xhtml+xml,application/xml;q=0.9,image/webp,image/apng,*/*;q=0.8,application/signed-exchange;v=b3;q=0.9',
    'sec-fetch-site': 'none',
    'sec-fetch-mode': 'navigate',
    'sec-fetch-user': '?1',
    'sec-fetch-dest': 'document',
    'accept-encoding': 'gzip, deflate, br',
    'accept-language': 'zh-CN,zh;q=0.9,en;q=0.8,en-GB;q=0.7,en-US;q=0.6'
  },
  [Symbol(kHeadersCount)]: 28,
  [Symbol(kTrailers)]: null,
  [Symbol(kTrailersCount)]: 0,
  [Symbol(RequestTimeout)]: undefined
}
  [2021-09-08T11:32:49.372] [DEBUG] cheese - <ref *2> ServerResponse {
  _events: [Object: null prototype] { finish: [Function: bound resOnFinish] },
  _eventsCount: 1,
  _maxListeners: undefined,
  outputData: [],
  outputSize: 0,
  writable: true,
  destroyed: false,
  _last: false,
  chunkedEncoding: false,
  shouldKeepAlive: true,
  _defaultKeepAlive: true,
  useChunkedEncodingByDefault: true,
  sendDate: true,
  _removedConnection: false,
  _removedContLen: false,
  _removedTE: false,
  _contentLength: null,
  _hasBody: true,
  _trailer: '',
  finished: false,
  _headerSent: false,
  _closed: false,
  socket: <ref *1> Socket {
    connecting: false,
    _hadError: false,
    _parent: null,
    _host: null,
    _readableState: ReadableState {
      objectMode: false,
      highWaterMark: 16384,
      buffer: BufferList { head: null, tail: null, length: 0 },
      length: 0,
      pipes: [],
      flowing: true,
      ended: false,
      endEmitted: false,
      reading: true,
      constructed: true,
      sync: false,
      needReadable: true,
      emittedReadable: false,
      readableListening: false,
      resumeScheduled: false,
      errorEmitted: false,
      emitClose: false,
      autoDestroy: true,
      destroyed: false,
      errored: null,
      closed: false,
      closeEmitted: false,
      defaultEncoding: 'utf8',
      awaitDrainWriters: null,
      multiAwaitDrain: false,
      readingMore: false,
      decoder: null,
      encoding: null,
      [Symbol(kPaused)]: false
    },
    _events: [Object: null prototype] {
      end: [Array],
      timeout: [Function: socketOnTimeout],
      data: [Function: bound socketOnData],
      error: [Function: socketOnError],
      close: [Array],
      drain: [Function: bound socketOnDrain],
      resume: [Function: onSocketResume],
      pause: [Function: onSocketPause]
    },
    _eventsCount: 8,
    _maxListeners: undefined,
    _writableState: WritableState {
      objectMode: false,
      highWaterMark: 16384,
      finalCalled: false,
      needDrain: false,
      ending: false,
      ended: false,
      finished: false,
      destroyed: false,
      decodeStrings: false,
      defaultEncoding: 'utf8',
      length: 0,
      writing: false,
      corked: 0,
      sync: true,
      bufferProcessing: false,
      onwrite: [Function: bound onwrite],
      writecb: null,
      writelen: 0,
      afterWriteTickInfo: null,
      buffered: [],
      bufferedIndex: 0,
      allBuffers: true,
      allNoop: true,
      pendingcb: 0,
      constructed: true,
      prefinished: false,
      errorEmitted: false,
      emitClose: false,
      autoDestroy: true,
      errored: null,
      closed: false,
      closeEmitted: false,
      [Symbol(kOnFinished)]: []
    },
    allowHalfOpen: true,
    _sockname: null,
    _pendingData: null,
    _pendingEncoding: '',
    server: Server {
      maxHeaderSize: undefined,
      insecureHTTPParser: undefined,
      _events: [Object: null prototype],
      _eventsCount: 2,
      _maxListeners: undefined,
      _connections: 1,
      _handle: [TCP],
      _usingWorkers: false,
      _workers: [],
      _unref: false,
      allowHalfOpen: true,
      pauseOnConnect: false,
      httpAllowHalfOpen: false,
      timeout: 0,
      keepAliveTimeout: 5000,
      maxHeadersCount: null,
      headersTimeout: 60000,
      requestTimeout: 0,
      _connectionKey: '6::::8080',
      [Symbol(IncomingMessage)]: [Function: IncomingMessage],
      [Symbol(ServerResponse)]: [Function: ServerResponse],
      [Symbol(kCapture)]: false,
      [Symbol(async_id_symbol)]: 6
    },
    _server: Server {
      maxHeaderSize: undefined,
      insecureHTTPParser: undefined,
      _events: [Object: null prototype],
      _eventsCount: 2,
      _maxListeners: undefined,
      _connections: 1,
      _handle: [TCP],
      _usingWorkers: false,
      _workers: [],
      _unref: false,
      allowHalfOpen: true,
      pauseOnConnect: false,
      httpAllowHalfOpen: false,
      timeout: 0,
      keepAliveTimeout: 5000,
      maxHeadersCount: null,
      headersTimeout: 60000,
      requestTimeout: 0,
      _connectionKey: '6::::8080',
      [Symbol(IncomingMessage)]: [Function: IncomingMessage],
      [Symbol(ServerResponse)]: [Function: ServerResponse],
      [Symbol(kCapture)]: false,
      [Symbol(async_id_symbol)]: 6
    },
    parser: HTTPParser {
      '0': [Function: bound setRequestTimeout],
      '1': [Function: parserOnHeaders],
      '2': [Function: parserOnHeadersComplete],
      '3': [Function: parserOnBody],
      '4': [Function: parserOnMessageComplete],
      '5': [Function: bound onParserExecute],
      '6': [Function: bound onParserTimeout],
      _headers: [],
      _url: '',
      socket: [Circular *1],
      incoming: [IncomingMessage],
      outgoing: null,
      maxHeaderPairs: 2000,
      _consumed: true,
      onIncoming: [Function: bound parserOnIncoming],
      [Symbol(resource_symbol)]: [HTTPServerAsyncResource]
    },
    on: [Function: socketListenerWrap],
    addListener: [Function: socketListenerWrap],
    prependListener: [Function: socketListenerWrap],
    setEncoding: [Function: socketSetEncoding],
    _paused: false,
    _httpMessage: [Circular *2],
    [Symbol(async_id_symbol)]: 12,
    [Symbol(kHandle)]: TCP {
      reading: true,
      onconnection: null,
      _consumed: true,
      [Symbol(owner_symbol)]: [Circular *1]
    },
    [Symbol(kSetNoDelay)]: false,
    [Symbol(lastWriteQueueSize)]: 0,
    [Symbol(timeout)]: null,
    [Symbol(kBuffer)]: null,
    [Symbol(kBufferCb)]: null,
    [Symbol(kBufferGen)]: null,
    [Symbol(kCapture)]: false,
    [Symbol(kBytesRead)]: 0,
    [Symbol(kBytesWritten)]: 0,
    [Symbol(RequestTimeout)]: undefined
  },
  _header: null,
  _keepAliveTimeout: 5000,
  _onPendingData: [Function: bound updateOutgoingData],
  req: IncomingMessage {
    _readableState: ReadableState {
      objectMode: false,
      highWaterMark: 16384,
      buffer: BufferList { head: null, tail: null, length: 0 },
      length: 0,
      pipes: [],
      flowing: null,
      ended: false,
      endEmitted: false,
      reading: false,
      constructed: true,
      sync: true,
      needReadable: false,
      emittedReadable: false,
      readableListening: false,
      resumeScheduled: false,
      errorEmitted: false,
      emitClose: true,
      autoDestroy: true,
      destroyed: false,
      errored: null,
      closed: false,
      closeEmitted: false,
      defaultEncoding: 'utf8',
      awaitDrainWriters: null,
      multiAwaitDrain: false,
      readingMore: true,
      decoder: null,
      encoding: null,
      [Symbol(kPaused)]: null
    },
    _events: [Object: null prototype] { end: [Function: clearRequestTimeout] },
    _eventsCount: 1,
    _maxListeners: undefined,
    socket: <ref *1> Socket {
      connecting: false,
      _hadError: false,
      _parent: null,
      _host: null,
      _readableState: [ReadableState],
      _events: [Object: null prototype],
      _eventsCount: 8,
      _maxListeners: undefined,
      _writableState: [WritableState],
      allowHalfOpen: true,
      _sockname: null,
      _pendingData: null,
      _pendingEncoding: '',
      server: [Server],
      _server: [Server],
      parser: [HTTPParser],
      on: [Function: socketListenerWrap],
      addListener: [Function: socketListenerWrap],
      prependListener: [Function: socketListenerWrap],
      setEncoding: [Function: socketSetEncoding],
      _paused: false,
      _httpMessage: [Circular *2],
      [Symbol(async_id_symbol)]: 12,
      [Symbol(kHandle)]: [TCP],
      [Symbol(kSetNoDelay)]: false,
      [Symbol(lastWriteQueueSize)]: 0,
      [Symbol(timeout)]: null,
      [Symbol(kBuffer)]: null,
      [Symbol(kBufferCb)]: null,
      [Symbol(kBufferGen)]: null,
      [Symbol(kCapture)]: false,
      [Symbol(kBytesRead)]: 0,
      [Symbol(kBytesWritten)]: 0,
      [Symbol(RequestTimeout)]: undefined
    },
    httpVersionMajor: 1,
    httpVersionMinor: 1,
    httpVersion: '1.1',
    complete: false,
    rawHeaders: [
      'Host',
      'localhost:8080',
      'Connection',
      'keep-alive',
      'Cache-Control',
      'max-age=0',
      'sec-ch-ua',
      '"Microsoft Edge";v="93", " Not;A Brand";v="99", "Chromium";v="93"',
      'sec-ch-ua-mobile',
      '?1',
      'sec-ch-ua-platform',
      '"Android"',
      'Upgrade-Insecure-Requests',
      '1',
      'User-Agent',
      'Mozilla/5.0 (Linux; Android 6.0; Nexus 5 Build/MRA58N) AppleWebKit/537.36 (KHTML, like Gecko) Chrome/93.0.4577.63 Mobile Safari/537.36 Edg/93.0.961.38',
      'Accept',
      'text/html,application/xhtml+xml,application/xml;q=0.9,image/webp,image/apng,*/*;q=0.8,application/signed-exchange;v=b3;q=0.9',
      'Sec-Fetch-Site',
      'none',
      'Sec-Fetch-Mode',
      'navigate',
      'Sec-Fetch-User',
      '?1',
      'Sec-Fetch-Dest',
      'document',
      'Accept-Encoding',
      'gzip, deflate, br',
      'Accept-Language',
      'zh-CN,zh;q=0.9,en;q=0.8,en-GB;q=0.7,en-US;q=0.6'
    ],
    rawTrailers: [],
    aborted: false,
    upgrade: false,
    url: '/',
    method: 'GET',
    statusCode: null,
    statusMessage: null,
    client: <ref *1> Socket {
      connecting: false,
      _hadError: false,
      _parent: null,
      _host: null,
      _readableState: [ReadableState],
      _events: [Object: null prototype],
      _eventsCount: 8,
      _maxListeners: undefined,
      _writableState: [WritableState],
      allowHalfOpen: true,
      _sockname: null,
      _pendingData: null,
      _pendingEncoding: '',
      server: [Server],
      _server: [Server],
      parser: [HTTPParser],
      on: [Function: socketListenerWrap],
      addListener: [Function: socketListenerWrap],
      prependListener: [Function: socketListenerWrap],
      setEncoding: [Function: socketSetEncoding],
      _paused: false,
      _httpMessage: [Circular *2],
      [Symbol(async_id_symbol)]: 12,
      [Symbol(kHandle)]: [TCP],
      [Symbol(kSetNoDelay)]: false,
      [Symbol(lastWriteQueueSize)]: 0,
      [Symbol(timeout)]: null,
      [Symbol(kBuffer)]: null,
      [Symbol(kBufferCb)]: null,
      [Symbol(kBufferGen)]: null,
      [Symbol(kCapture)]: false,
      [Symbol(kBytesRead)]: 0,
      [Symbol(kBytesWritten)]: 0,
      [Symbol(RequestTimeout)]: undefined
    },
    _consuming: false,
    _dumped: false,
    [Symbol(kCapture)]: false,
    [Symbol(kHeaders)]: {
      host: 'localhost:8080',
      connection: 'keep-alive',
      'cache-control': 'max-age=0',
      'sec-ch-ua': '"Microsoft Edge";v="93", " Not;A Brand";v="99", "Chromium";v="93"',
      'sec-ch-ua-mobile': '?1',
      'sec-ch-ua-platform': '"Android"',
      'upgrade-insecure-requests': '1',
      'user-agent': 'Mozilla/5.0 (Linux; Android 6.0; Nexus 5 Build/MRA58N) AppleWebKit/537.36 (KHTML, like Gecko) Chrome/93.0.4577.63 Mobile Safari/537.36 Edg/93.0.961.38',
      accept: 'text/html,application/xhtml+xml,application/xml;q=0.9,image/webp,image/apng,*/*;q=0.8,application/signed-exchange;v=b3;q=0.9',
      'sec-fetch-site': 'none',
      'sec-fetch-mode': 'navigate',
      'sec-fetch-user': '?1',
      'sec-fetch-dest': 'document',
      'accept-encoding': 'gzip, deflate, br',
      'accept-language': 'zh-CN,zh;q=0.9,en;q=0.8,en-GB;q=0.7,en-US;q=0.6'
    },
    [Symbol(kHeadersCount)]: 30,
    [Symbol(kTrailers)]: null,
    [Symbol(kTrailersCount)]: 0,
    [Symbol(RequestTimeout)]: undefined
  },
  _sent100: false,
  _expect_continue: false,
  [Symbol(kCapture)]: false,
  [Symbol(kNeedDrain)]: false,
  [Symbol(corked)]: 0,
  [Symbol(kOutHeaders)]: null
}
[2021-09-08T11:32:57.992] [DEBUG] cheese - <ref *2> ServerResponse {
  _events: [Object: null prototype] { finish: [Function: bound resOnFinish] },
  _eventsCount: 1,
  _maxListeners: undefined,
  outputData: [],
  outputSize: 0,
  writable: true,
  destroyed: false,
  _last: false,
  chunkedEncoding: false,
  shouldKeepAlive: true,
  _defaultKeepAlive: true,
  useChunkedEncodingByDefault: true,
  sendDate: true,
  _removedConnection: false,
  _removedContLen: false,
  _removedTE: false,
  _contentLength: null,
  _hasBody: true,
  _trailer: '',
  finished: false,
  _headerSent: false,
  _closed: false,
  socket: <ref *1> Socket {
    connecting: false,
    _hadError: false,
    _parent: null,
    _host: null,
    _readableState: ReadableState {
      objectMode: false,
      highWaterMark: 16384,
      buffer: BufferList { head: null, tail: null, length: 0 },
      length: 0,
      pipes: [],
      flowing: true,
      ended: false,
      endEmitted: false,
      reading: true,
      constructed: true,
      sync: false,
      needReadable: true,
      emittedReadable: false,
      readableListening: false,
      resumeScheduled: false,
      errorEmitted: false,
      emitClose: false,
      autoDestroy: true,
      destroyed: false,
      errored: null,
      closed: false,
      closeEmitted: false,
      defaultEncoding: 'utf8',
      awaitDrainWriters: null,
      multiAwaitDrain: false,
      readingMore: false,
      decoder: null,
      encoding: null,
      [Symbol(kPaused)]: false
    },
    _events: [Object: null prototype] {
      end: [Array],
      timeout: [Function: socketOnTimeout],
      data: [Function: bound socketOnData],
      error: [Function: socketOnError],
      close: [Array],
      drain: [Function: bound socketOnDrain],
      resume: [Function: onSocketResume],
      pause: [Function: onSocketPause]
    },
    _eventsCount: 8,
    _maxListeners: undefined,
    _writableState: WritableState {
      objectMode: false,
      highWaterMark: 16384,
      finalCalled: false,
      needDrain: false,
      ending: false,
      ended: false,
      finished: false,
      destroyed: false,
      decodeStrings: false,
      defaultEncoding: 'utf8',
      length: 0,
      writing: false,
      corked: 0,
      sync: true,
      bufferProcessing: false,
      onwrite: [Function: bound onwrite],
      writecb: null,
      writelen: 0,
      afterWriteTickInfo: null,
      buffered: [],
      bufferedIndex: 0,
      allBuffers: true,
      allNoop: true,
      pendingcb: 0,
      constructed: true,
      prefinished: false,
      errorEmitted: false,
      emitClose: false,
      autoDestroy: true,
      errored: null,
      closed: false,
      closeEmitted: false,
      [Symbol(kOnFinished)]: []
    },
    allowHalfOpen: true,
    _sockname: null,
    _pendingData: null,
    _pendingEncoding: '',
    server: Server {
      maxHeaderSize: undefined,
      insecureHTTPParser: undefined,
      _events: [Object: null prototype],
      _eventsCount: 2,
      _maxListeners: undefined,
      _connections: 1,
      _handle: [TCP],
      _usingWorkers: false,
      _workers: [],
      _unref: false,
      allowHalfOpen: true,
      pauseOnConnect: false,
      httpAllowHalfOpen: false,
      timeout: 0,
      keepAliveTimeout: 5000,
      maxHeadersCount: null,
      headersTimeout: 60000,
      requestTimeout: 0,
      _connectionKey: '6::::8080',
      [Symbol(IncomingMessage)]: [Function: IncomingMessage],
      [Symbol(ServerResponse)]: [Function: ServerResponse],
      [Symbol(kCapture)]: false,
      [Symbol(async_id_symbol)]: 6
    },
    _server: Server {
      maxHeaderSize: undefined,
      insecureHTTPParser: undefined,
      _events: [Object: null prototype],
      _eventsCount: 2,
      _maxListeners: undefined,
      _connections: 1,
      _handle: [TCP],
      _usingWorkers: false,
      _workers: [],
      _unref: false,
      allowHalfOpen: true,
      pauseOnConnect: false,
      httpAllowHalfOpen: false,
      timeout: 0,
      keepAliveTimeout: 5000,
      maxHeadersCount: null,
      headersTimeout: 60000,
      requestTimeout: 0,
      _connectionKey: '6::::8080',
      [Symbol(IncomingMessage)]: [Function: IncomingMessage],
      [Symbol(ServerResponse)]: [Function: ServerResponse],
      [Symbol(kCapture)]: false,
      [Symbol(async_id_symbol)]: 6
    },
    parser: HTTPParser {
      '0': [Function: bound setRequestTimeout],
      '1': [Function: parserOnHeaders],
      '2': [Function: parserOnHeadersComplete],
      '3': [Function: parserOnBody],
      '4': [Function: parserOnMessageComplete],
      '5': [Function: bound onParserExecute],
      '6': [Function: bound onParserTimeout],
      _headers: [],
      _url: '',
      socket: [Circular *1],
      incoming: [IncomingMessage],
      outgoing: null,
      maxHeaderPairs: 2000,
      _consumed: true,
      onIncoming: [Function: bound parserOnIncoming],
      [Symbol(resource_symbol)]: [HTTPServerAsyncResource]
    },
    on: [Function: socketListenerWrap],
    addListener: [Function: socketListenerWrap],
    prependListener: [Function: socketListenerWrap],
    setEncoding: [Function: socketSetEncoding],
    _paused: false,
    _httpMessage: [Circular *2],
    [Symbol(async_id_symbol)]: 17,
    [Symbol(kHandle)]: TCP {
      reading: true,
      onconnection: null,
      _consumed: true,
      [Symbol(owner_symbol)]: [Circular *1]
    },
    [Symbol(kSetNoDelay)]: false,
    [Symbol(lastWriteQueueSize)]: 0,
    [Symbol(timeout)]: null,
    [Symbol(kBuffer)]: null,
    [Symbol(kBufferCb)]: null,
    [Symbol(kBufferGen)]: null,
    [Symbol(kCapture)]: false,
    [Symbol(kBytesRead)]: 0,
    [Symbol(kBytesWritten)]: 0,
    [Symbol(RequestTimeout)]: undefined
  },
  _header: null,
  _keepAliveTimeout: 5000,
  _onPendingData: [Function: bound updateOutgoingData],
  req: IncomingMessage {
    _readableState: ReadableState {
      objectMode: false,
      highWaterMark: 16384,
      buffer: BufferList { head: null, tail: null, length: 0 },
      length: 0,
      pipes: [],
      flowing: null,
      ended: false,
      endEmitted: false,
      reading: false,
      constructed: true,
      sync: true,
      needReadable: false,
      emittedReadable: false,
      readableListening: false,
      resumeScheduled: false,
      errorEmitted: false,
      emitClose: true,
      autoDestroy: true,
      destroyed: false,
      errored: null,
      closed: false,
      closeEmitted: false,
      defaultEncoding: 'utf8',
      awaitDrainWriters: null,
      multiAwaitDrain: false,
      readingMore: true,
      decoder: null,
      encoding: null,
      [Symbol(kPaused)]: null
    },
    _events: [Object: null prototype] { end: [Function: clearRequestTimeout] },
    _eventsCount: 1,
    _maxListeners: undefined,
    socket: <ref *1> Socket {
      connecting: false,
      _hadError: false,
      _parent: null,
      _host: null,
      _readableState: [ReadableState],
      _events: [Object: null prototype],
      _eventsCount: 8,
      _maxListeners: undefined,
      _writableState: [WritableState],
      allowHalfOpen: true,
      _sockname: null,
      _pendingData: null,
      _pendingEncoding: '',
      server: [Server],
      _server: [Server],
      parser: [HTTPParser],
      on: [Function: socketListenerWrap],
      addListener: [Function: socketListenerWrap],
      prependListener: [Function: socketListenerWrap],
      setEncoding: [Function: socketSetEncoding],
      _paused: false,
      _httpMessage: [Circular *2],
      [Symbol(async_id_symbol)]: 17,
      [Symbol(kHandle)]: [TCP],
      [Symbol(kSetNoDelay)]: false,
      [Symbol(lastWriteQueueSize)]: 0,
      [Symbol(timeout)]: null,
      [Symbol(kBuffer)]: null,
      [Symbol(kBufferCb)]: null,
      [Symbol(kBufferGen)]: null,
      [Symbol(kCapture)]: false,
      [Symbol(kBytesRead)]: 0,
      [Symbol(kBytesWritten)]: 0,
      [Symbol(RequestTimeout)]: undefined
    },
    httpVersionMajor: 1,
    httpVersionMinor: 1,
    httpVersion: '1.1',
    complete: false,
    rawHeaders: [
      'Host',
      'localhost:8080',
      'Connection',
      'keep-alive',
      'Cache-Control',
      'max-age=0',
      'sec-ch-ua',
      '"Microsoft Edge";v="93", " Not;A Brand";v="99", "Chromium";v="93"',
      'sec-ch-ua-mobile',
      '?1',
      'sec-ch-ua-platform',
      '"Android"',
      'Upgrade-Insecure-Requests',
      '1',
      'User-Agent',
      'Mozilla/5.0 (Linux; Android 6.0; Nexus 5 Build/MRA58N) AppleWebKit/537.36 (KHTML, like Gecko) Chrome/93.0.4577.63 Mobile Safari/537.36 Edg/93.0.961.38',
      'Accept',
      'text/html,application/xhtml+xml,application/xml;q=0.9,image/webp,image/apng,*/*;q=0.8,application/signed-exchange;v=b3;q=0.9',
      'Sec-Fetch-Site',
      'none',
      'Sec-Fetch-Mode',
      'navigate',
      'Sec-Fetch-User',
      '?1',
      'Sec-Fetch-Dest',
      'document',
      'Accept-Encoding',
      'gzip, deflate, br',
      'Accept-Language',
      'zh-CN,zh;q=0.9,en;q=0.8,en-GB;q=0.7,en-US;q=0.6'
    ],
    rawTrailers: [],
    aborted: false,
    upgrade: false,
    url: '/',
    method: 'GET',
    statusCode: null,
    statusMessage: null,
    client: <ref *1> Socket {
      connecting: false,
      _hadError: false,
      _parent: null,
      _host: null,
      _readableState: [ReadableState],
      _events: [Object: null prototype],
      _eventsCount: 8,
      _maxListeners: undefined,
      _writableState: [WritableState],
      allowHalfOpen: true,
      _sockname: null,
      _pendingData: null,
      _pendingEncoding: '',
      server: [Server],
      _server: [Server],
      parser: [HTTPParser],
      on: [Function: socketListenerWrap],
      addListener: [Function: socketListenerWrap],
      prependListener: [Function: socketListenerWrap],
      setEncoding: [Function: socketSetEncoding],
      _paused: false,
      _httpMessage: [Circular *2],
      [Symbol(async_id_symbol)]: 17,
      [Symbol(kHandle)]: [TCP],
      [Symbol(kSetNoDelay)]: false,
      [Symbol(lastWriteQueueSize)]: 0,
      [Symbol(timeout)]: null,
      [Symbol(kBuffer)]: null,
      [Symbol(kBufferCb)]: null,
      [Symbol(kBufferGen)]: null,
      [Symbol(kCapture)]: false,
      [Symbol(kBytesRead)]: 0,
      [Symbol(kBytesWritten)]: 0,
      [Symbol(RequestTimeout)]: undefined
    },
    _consuming: false,
    _dumped: false,
    [Symbol(kCapture)]: false,
    [Symbol(kHeaders)]: {
      host: 'localhost:8080',
      connection: 'keep-alive',
      'cache-control': 'max-age=0',
      'sec-ch-ua': '"Microsoft Edge";v="93", " Not;A Brand";v="99", "Chromium";v="93"',
      'sec-ch-ua-mobile': '?1',
      'sec-ch-ua-platform': '"Android"',
      'upgrade-insecure-requests': '1',
      'user-agent': 'Mozilla/5.0 (Linux; Android 6.0; Nexus 5 Build/MRA58N) AppleWebKit/537.36 (KHTML, like Gecko) Chrome/93.0.4577.63 Mobile Safari/537.36 Edg/93.0.961.38',
      accept: 'text/html,application/xhtml+xml,application/xml;q=0.9,image/webp,image/apng,*/*;q=0.8,application/signed-exchange;v=b3;q=0.9',
      'sec-fetch-site': 'none',
      'sec-fetch-mode': 'navigate',
      'sec-fetch-user': '?1',
      'sec-fetch-dest': 'document',
      'accept-encoding': 'gzip, deflate, br',
      'accept-language': 'zh-CN,zh;q=0.9,en;q=0.8,en-GB;q=0.7,en-US;q=0.6'
    },
    [Symbol(kHeadersCount)]: 30,
    [Symbol(kTrailers)]: null,
    [Symbol(kTrailersCount)]: 0,
    [Symbol(RequestTimeout)]: undefined
  },
  _sent100: false,
  _expect_continue: false,
  [Symbol(kCapture)]: false,
  [Symbol(kNeedDrain)]: false,
  [Symbol(corked)]: 0,
  [Symbol(kOutHeaders)]: null
}
